<?xml version="1.0" encoding="UTF-8"?>
<!-- Generated by org.testng.reporters.JUnitReportReporter -->
<testsuite hostname="PHMANMSHAMSAEE1" name="MyPackage.GoogleTestNG" tests="1" failures="0" timestamp="16 Jun 2019 13:03:22 GMT" time="6.411" errors="0">
  <testcase name="googleTest" time="6.411" classname="MyPackage.GoogleTestNG"/>
</testsuite> <!-- MyPackage.GoogleTestNG -->
