<?xml version="1.0" encoding="UTF-8"?>
<!-- Generated by org.testng.reporters.JUnitReportReporter -->
<testsuite hostname="PHMANMSHAMSAEE1" name="MyPackage.NewTest" tests="1" failures="0" timestamp="14 Jun 2019 14:29:37 GMT" time="0.020" errors="0">
  <testcase name="f" time="0.020" classname="MyPackage.NewTest"/>
</testsuite> <!-- MyPackage.NewTest -->
